00:25:03 [INFO] Starting App in dev
00:25:03 [ERROR] Failed in control_led: Unknown Raspberry Pi model
00:25:03 [INFO] 🔧 Configured for [4mdebug[0m.
00:25:03 [INFO] address: [1;39m0.0.0.0[0m
00:25:03 [INFO] port: [1;39m6814[0m
00:25:03 [INFO] workers: [1;39m8[0m
00:25:03 [INFO] max blocking threads: [1;39m512[0m
00:25:03 [INFO] ident: [1;39mSmartHub-API-Server_v1[0m
00:25:03 [INFO] IP header: [1;39mX-Real-IP[0m
00:25:03 [INFO] limits: [1;39mbytes = 8KiB, data-form = 2MiB, file = 1MiB, form = 32KiB, json = 1MiB, msgpack = 1MiB, string = 8KiB[0m
00:25:03 [INFO] temp dir: [1;39m/tmp[0m
00:25:03 [INFO] http/2: [1;39mtrue[0m
00:25:03 [INFO] keep-alive: [1;39m5[0m[1;39ms[0m
00:25:03 [INFO] tls: [1;39mdisabled[0m
00:25:03 [INFO] shutdown: [1;39mctrlc = true, force = true, signals = [SIGTERM], grace = 2s, mercy = 3s[0m
00:25:03 [INFO] log level: [1;39moff[0m
00:25:03 [INFO] cli colors: [1;39mtrue[0m
00:25:03 [INFO] 📬 [35mRoutes[0m:
00:25:03 [INFO] [36m([0m[39mecho_stream[0m[36m)[0m [32mGET[0m [34m/ws[0m
00:25:03 [INFO] [36m([0m[39mget_info[0m[36m)[0m [32mGET[0m [34m/info[0m
00:25:03 [INFO] 🥅 [35mCatchers[0m:
00:25:03 [INFO] [36m([0m[39mbad_request[0m[36m)[0m [34m400[0m
00:25:03 [INFO] [36m([0m[39munauthorized[0m[36m)[0m [34m401[0m
00:25:03 [INFO] [36m([0m[39mforbidden[0m[36m)[0m [34m403[0m
00:25:03 [INFO] [36m([0m[39mnot_found[0m[36m)[0m [34m404[0m
00:25:03 [INFO] [36m([0m[39mnot_implemented[0m[36m)[0m [34m501[0m
00:25:03 [INFO] [36m([0m[39minternal_error[0m[36m)[0m [34m500[0m
00:25:03 [INFO] [36m([0m[39munprocessable_entity[0m[36m)[0m [34m422[0m
00:25:03 [INFO] 📡 [35mFairings[0m:
00:25:03 [INFO] [1;39mShield[0m ([1;34mliftoff, response, singleton[0m)
00:25:03 [INFO] 🛡️ [35mShield[0m:
00:25:03 [INFO] Permissions-Policy: [39minterest-cohort=()[0m
00:25:03 [INFO] X-Content-Type-Options: [39mnosniff[0m
00:25:03 [INFO] X-Frame-Options: [39mSAMEORIGIN[0m
00:25:03 [WARN] 🚀 [1;39mRocket has launched from [4mhttp://0.0.0.0:6814[0m
00:25:07 [WARN] Received SIGINT. Requesting shutdown.
00:25:07 [INFO] Shutdown requested. Waiting for pending I/O...
00:25:07 [INFO] Graceful shutdown completed successfully.
